C:\USERS\MICHAEL\DOCUMENTS\PROJECTS\NETPARALLELSAMPLES\MANDELBROTFRACTALS\MANDELBROTFRACTALS_CPPCLI\DEBUG\MANDELBROTFRACTALS_CPLUSPLUS.PCH
C:\USERS\MICHAEL\DOCUMENTS\PROJECTS\NETPARALLELSAMPLES\MANDELBROTFRACTALS\MANDELBROTFRACTALS_CPPCLI\DEBUG\STDAFX.OBJ
C:\USERS\MICHAEL\DOCUMENTS\PROJECTS\NETPARALLELSAMPLES\MANDELBROTFRACTALS\MANDELBROTFRACTALS_CPPCLI\DEBUG\VC110.PDB
C:\USERS\MICHAEL\DOCUMENTS\PROJECTS\NETPARALLELSAMPLES\MANDELBROTFRACTALS\MANDELBROTFRACTALS_CPPCLI\DEBUG\MANDELBROTFRACTALS.OBJ
C:\USERS\MICHAEL\DOCUMENTS\PROJECTS\NETPARALLELSAMPLES\MANDELBROTFRACTALS\MANDELBROTFRACTALS_CPPCLI\DEBUG\ASSEMBLYINFO.OBJ
C:\USERS\MICHAEL\DOCUMENTS\PROJECTS\NETPARALLELSAMPLES\MANDELBROTFRACTALS\MANDELBROTFRACTALS_CPPCLI\DEBUG\.NETFRAMEWORK,VERSION=V4.5.ASSEMBLYATTRIBUTES.OBJ
C:\USERS\MICHAEL\DOCUMENTS\PROJECTS\NETPARALLELSAMPLES\MANDELBROTFRACTALS\MANDELBROTFRACTALS_CPPCLI\DEBUG\MANDELBROTFRACTALS_CPLUSPLUS.ILK
C:\USERS\MICHAEL\DOCUMENTS\PROJECTS\NETPARALLELSAMPLES\MANDELBROTFRACTALS\MANDELBROTFRACTALS_CPPCLI\DEBUG\MANDELBROTFRACTALS_CPLUSPLUS.EXE
C:\USERS\MICHAEL\DOCUMENTS\PROJECTS\NETPARALLELSAMPLES\MANDELBROTFRACTALS\MANDELBROTFRACTALS_CPPCLI\DEBUG\MANDELBROTFRACTALS_CPLUSPLUS.PDB
C:\Users\Michael\Documents\Projects\NetParallelSamples\MandelbrotFractals\MandelbrotFractals_CppCli\Debug\MandelbrotFractals.Form1.resources
C:\USERS\MICHAEL\DOCUMENTS\PROJECTS\NETPARALLELSAMPLES\MANDELBROTFRACTALS\MANDELBROTFRACTALS_CPPCLI\DEBUG\APP.RES
C:\Users\Michael\Documents\Projects\NetParallelSamples\MandelbrotFractals\MandelbrotFractals_CppCli\Debug\MandelbrotFractals.vcxproj.GenerateResource.Cache
C:\Users\Michael\Documents\Projects\NetParallelSamples\MandelbrotFractals\MandelbrotFractals_CppCli\Debug\MandelbrotFractals.vcxprojResolveAssemblyReference.cache
C:\Users\Michael\Documents\Projects\NetParallelSamples\MandelbrotFractals\MandelbrotFractals_CppCli\Debug\.NETFramework,Version=v4.5.AssemblyAttributes.obj
C:\Users\Michael\Documents\Projects\NetParallelSamples\MandelbrotFractals\MandelbrotFractals_CppCli\Debug\AssemblyInfo.obj
C:\Users\Michael\Documents\Projects\NetParallelSamples\MandelbrotFractals\MandelbrotFractals_CppCli\Debug\MandelbrotFractals.obj
C:\Users\Michael\Documents\Projects\NetParallelSamples\MandelbrotFractals\MandelbrotFractals_CppCli\Debug\stdafx.obj
C:\Users\Michael\Documents\Projects\NetParallelSamples\MandelbrotFractals\MandelbrotFractals_CppCli\Debug\MandelbrotFractals_CPlusPlus.ilk
C:\Users\Michael\Documents\Projects\NetParallelSamples\MandelbrotFractals\MandelbrotFractals_CppCli\Debug\cl.command.1.tlog
C:\Users\Michael\Documents\Projects\NetParallelSamples\MandelbrotFractals\MandelbrotFractals_CppCli\Debug\CL.read.1.tlog
C:\Users\Michael\Documents\Projects\NetParallelSamples\MandelbrotFractals\MandelbrotFractals_CppCli\Debug\CL.write.1.tlog
C:\Users\Michael\Documents\Projects\NetParallelSamples\MandelbrotFractals\MandelbrotFractals_CppCli\Debug\link.17192-cvtres.read.1.tlog
C:\Users\Michael\Documents\Projects\NetParallelSamples\MandelbrotFractals\MandelbrotFractals_CppCli\Debug\link.17192-cvtres.write.1.tlog
C:\Users\Michael\Documents\Projects\NetParallelSamples\MandelbrotFractals\MandelbrotFractals_CppCli\Debug\link.17192-rc.read.1.tlog
C:\Users\Michael\Documents\Projects\NetParallelSamples\MandelbrotFractals\MandelbrotFractals_CppCli\Debug\link.17192-rc.write.1.tlog
C:\Users\Michael\Documents\Projects\NetParallelSamples\MandelbrotFractals\MandelbrotFractals_CppCli\Debug\link.17192.read.1.tlog
C:\Users\Michael\Documents\Projects\NetParallelSamples\MandelbrotFractals\MandelbrotFractals_CppCli\Debug\link.17192.write.1.tlog
C:\Users\Michael\Documents\Projects\NetParallelSamples\MandelbrotFractals\MandelbrotFractals_CppCli\Debug\link.command.1.tlog
C:\Users\Michael\Documents\Projects\NetParallelSamples\MandelbrotFractals\MandelbrotFractals_CppCli\Debug\link.read.1.tlog
C:\Users\Michael\Documents\Projects\NetParallelSamples\MandelbrotFractals\MandelbrotFractals_CppCli\Debug\link.write.1.tlog
C:\Users\Michael\Documents\Projects\NetParallelSamples\MandelbrotFractals\MandelbrotFractals_CppCli\Debug\MandelbrotFractals_CPlusPlus.write.1.tlog
C:\Users\Michael\Documents\Projects\NetParallelSamples\MandelbrotFractals\MandelbrotFractals_CppCli\Debug\metagen.read.1.tlog
C:\Users\Michael\Documents\Projects\NetParallelSamples\MandelbrotFractals\MandelbrotFractals_CppCli\Debug\metagen.write.1.tlog
C:\Users\Michael\Documents\Projects\NetParallelSamples\MandelbrotFractals\MandelbrotFractals_CppCli\Debug\rc.command.1.tlog
C:\Users\Michael\Documents\Projects\NetParallelSamples\MandelbrotFractals\MandelbrotFractals_CppCli\Debug\rc.read.1.tlog
C:\Users\Michael\Documents\Projects\NetParallelSamples\MandelbrotFractals\MandelbrotFractals_CppCli\Debug\rc.write.1.tlog
C:\Users\Michael\Documents\Projects\NetParallelSamples\MandelbrotFractals\MandelbrotFractals_CppCli\Debug\app.res
C:\Users\Michael\Documents\Projects\NetParallelSamples\MandelbrotFractals\MandelbrotFractals_CppCli\Debug\MandelbrotFractals_CPlusPlus.pch
C:\Users\Michael\Documents\Projects\NetParallelSamples\MandelbrotFractals\MandelbrotFractals_CppCli\Debug\MandelbrotFractals_CPlusPlus.pdb
C:\Users\Michael\Documents\Projects\NetParallelSamples\MandelbrotFractals\MandelbrotFractals_CppCli\Debug\vc110.pdb
C:\Users\Michael\Documents\Projects\NetParallelSamples\MandelbrotFractals\MandelbrotFractals_CppCli\Debug\MandelbrotFractals_CPlusPlus.exe.metagen
C:\Users\Michael\Documents\Projects\NetParallelSamples\MandelbrotFractals\MandelbrotFractals_CppCli\Debug\TZRES.DLL.bi
C:\Users\Michael\Documents\Projects\NetParallelSamples\MandelbrotFractals\MandelbrotFractals_CppCli\Debug\MandelbrotFractals_CPlusPlus.exe
